Read1 before filtering:
total reads: 165455875
total bases: 24915357583
Q20 bases: 23927483644(96.0351%)
Q30 bases: 22865443884(91.7725%)

Read1 after filtering:
total reads: 155193947
total bases: 11912751016
Q20 bases: 11773554808(98.8315%)
Q30 bases: 11487346437(96.429%)

Read2 before filtering:
total reads: 165455875
total bases: 24915357583
Q20 bases: 23769087468(95.3993%)
Q30 bases: 22350396268(89.7053%)

Read2 aftering filtering:
total reads: 155193947
total bases: 11930299214
Q20 bases: 11731093150(98.3303%)
Q30 bases: 11316341608(94.8538%)

Filtering result:
reads passed filter: 310387894
reads failed due to low quality: 20473912
reads failed due to too many N: 33342
reads failed due to too short: 16602
reads with adapter trimmed: 319046234
bases trimmed due to adapters: 21358310456

JSON report: /home/tly/wgs-pika/results/fastp/reports/27552_S1.json
HTML report: /home/tly/wgs-pika/results/fastp/reports/27552_S1.html

fastp -i 27552_S1_L004_R1_001.fastq.gz -I 27552_S1_L004_R2_001.fastq.gz -o /home/tly/wgs-pika/results/fastp/trimmed_27552_S1_L004_R1_001.fastq.gz -O /home/tly/wgs-pika/results/fastp/trimmed_27552_S1_L004_R2_001.fastq.gz -j /home/tly/wgs-pika/results/fastp/reports/27552_S1.json -h /home/tly/wgs-pika/results/fastp/reports/27552_S1.html -w 16 
fastp v0.12.4, time used: 1106 seconds
Read1 before filtering:
total reads: 112207894
total bases: 16896205229
Q20 bases: 16030941411(94.8789%)
Q30 bases: 15102954911(89.3867%)

Read1 after filtering:
total reads: 103263475
total bases: 7714252272
Q20 bases: 7586981887(98.3502%)
Q30 bases: 7338246010(95.1258%)

Read2 before filtering:
total reads: 112207894
total bases: 16896205229
Q20 bases: 16078557554(95.1608%)
Q30 bases: 15056763857(89.1133%)

Read2 aftering filtering:
total reads: 103263475
total bases: 7737238017
Q20 bases: 7598884908(98.2119%)
Q30 bases: 7316281666(94.5593%)

Filtering result:
reads passed filter: 206526950
reads failed due to low quality: 17852336
reads failed due to too many N: 21856
reads failed due to too short: 14646
reads with adapter trimmed: 210898656
bases trimmed due to adapters: 14056889411

JSON report: /home/tly/wgs-pika/results/fastp/reports/27554_S2.json
HTML report: /home/tly/wgs-pika/results/fastp/reports/27554_S2.html

fastp -i 27554_S2_L004_R1_001.fastq.gz -I 27554_S2_L004_R2_001.fastq.gz -o /home/tly/wgs-pika/results/fastp/trimmed_27554_S2_L004_R1_001.fastq.gz -O /home/tly/wgs-pika/results/fastp/trimmed_27554_S2_L004_R2_001.fastq.gz -j /home/tly/wgs-pika/results/fastp/reports/27554_S2.json -h /home/tly/wgs-pika/results/fastp/reports/27554_S2.html -w 16 
fastp v0.12.4, time used: 764 seconds
Read1 before filtering:
total reads: 142093679
total bases: 21395567834
Q20 bases: 20485239232(95.7452%)
Q30 bases: 19475786891(91.0272%)

Read1 after filtering:
total reads: 132901814
total bases: 10608232826
Q20 bases: 10460553219(98.6079%)
Q30 bases: 10164748049(95.8194%)

Read2 before filtering:
total reads: 142093679
total bases: 21395567834
Q20 bases: 20462148458(95.6373%)
Q30 bases: 19303971806(90.2242%)

Read2 aftering filtering:
total reads: 132901814
total bases: 10624286323
Q20 bases: 10460280476(98.4563%)
Q30 bases: 10117111443(95.2263%)

Filtering result:
reads passed filter: 265803628
reads failed due to low quality: 18328614
reads failed due to too many N: 28790
reads failed due to too short: 26326
reads with adapter trimmed: 270932980
bases trimmed due to adapters: 17635910791

JSON report: /home/tly/wgs-pika/results/fastp/reports/27558_S3.json
HTML report: /home/tly/wgs-pika/results/fastp/reports/27558_S3.html

fastp -i 27558_S3_L004_R1_001.fastq.gz -I 27558_S3_L004_R2_001.fastq.gz -o /home/tly/wgs-pika/results/fastp/trimmed_27558_S3_L004_R1_001.fastq.gz -O /home/tly/wgs-pika/results/fastp/trimmed_27558_S3_L004_R2_001.fastq.gz -j /home/tly/wgs-pika/results/fastp/reports/27558_S3.json -h /home/tly/wgs-pika/results/fastp/reports/27558_S3.html -w 16 
fastp v0.12.4, time used: 954 seconds
Read1 before filtering:
total reads: 124697913
total bases: 18776575243
Q20 bases: 17893990485(95.2995%)
Q30 bases: 17009483844(90.5889%)

Read1 after filtering:
total reads: 113149478
total bases: 8258609673
Q20 bases: 8122329800(98.3498%)
Q30 bases: 7887480620(95.5062%)

Read2 before filtering:
total reads: 124697913
total bases: 18776575243
Q20 bases: 17785380791(94.7211%)
Q30 bases: 16693790701(88.9075%)

Read2 aftering filtering:
total reads: 113149478
total bases: 8297620099
Q20 bases: 8148603267(98.2041%)
Q30 bases: 7877915365(94.9419%)

Filtering result:
reads passed filter: 226298956
reads failed due to low quality: 23037492
reads failed due to too many N: 24094
reads failed due to too short: 35284
reads with adapter trimmed: 233177702
bases trimmed due to adapters: 15847585175

JSON report: /home/tly/wgs-pika/results/fastp/reports/27559_S4.json
HTML report: /home/tly/wgs-pika/results/fastp/reports/27559_S4.html

fastp -i 27559_S4_L004_R1_001.fastq.gz -I 27559_S4_L004_R2_001.fastq.gz -o /home/tly/wgs-pika/results/fastp/trimmed_27559_S4_L004_R1_001.fastq.gz -O /home/tly/wgs-pika/results/fastp/trimmed_27559_S4_L004_R2_001.fastq.gz -j /home/tly/wgs-pika/results/fastp/reports/27559_S4.json -h /home/tly/wgs-pika/results/fastp/reports/27559_S4.html -w 16 
fastp v0.12.4, time used: 833 seconds
Read1 before filtering:
total reads: 140614899
total bases: 21175096193
Q20 bases: 20091862320(94.8844%)
Q30 bases: 18998441852(89.7207%)

Read1 after filtering:
total reads: 128338149
total bases: 9821630124
Q20 bases: 9655708409(98.3106%)
Q30 bases: 9365792983(95.3588%)

Read2 before filtering:
total reads: 140614899
total bases: 21175096193
Q20 bases: 20122049437(95.027%)
Q30 bases: 18891617842(89.2162%)

Read2 aftering filtering:
total reads: 128338149
total bases: 9847246692
Q20 bases: 9668684968(98.1867%)
Q30 bases: 9326750271(94.7143%)

Filtering result:
reads passed filter: 256676298
reads failed due to low quality: 24496124
reads failed due to too many N: 27398
reads failed due to too short: 29978
reads with adapter trimmed: 265960448
bases trimmed due to adapters: 17775855119

JSON report: /home/tly/wgs-pika/results/fastp/reports/27562_S5.json
HTML report: /home/tly/wgs-pika/results/fastp/reports/27562_S5.html

fastp -i 27562_S5_L004_R1_001.fastq.gz -I 27562_S5_L004_R2_001.fastq.gz -o /home/tly/wgs-pika/results/fastp/trimmed_27562_S5_L004_R1_001.fastq.gz -O /home/tly/wgs-pika/results/fastp/trimmed_27562_S5_L004_R2_001.fastq.gz -j /home/tly/wgs-pika/results/fastp/reports/27562_S5.json -h /home/tly/wgs-pika/results/fastp/reports/27562_S5.html -w 16 
fastp v0.12.4, time used: 947 seconds
Read1 before filtering:
total reads: 138681651
total bases: 20882448225
Q20 bases: 19416191136(92.9785%)
Q30 bases: 18191496632(87.1138%)

Read1 after filtering:
total reads: 123975800
total bases: 9240368358
Q20 bases: 9098754285(98.4674%)
Q30 bases: 8856378679(95.8444%)

Read2 before filtering:
total reads: 138681651
total bases: 20882448225
Q20 bases: 19870909820(95.156%)
Q30 bases: 18674754415(89.428%)

Read2 aftering filtering:
total reads: 123975800
total bases: 9265543770
Q20 bases: 9118713463(98.4153%)
Q30 bases: 8820514605(95.1969%)

Filtering result:
reads passed filter: 247951600
reads failed due to low quality: 29370498
reads failed due to too many N: 26880
reads failed due to too short: 14324
reads with adapter trimmed: 264655688
bases trimmed due to adapters: 18044511786

JSON report: /home/tly/wgs-pika/results/fastp/reports/27564_S6.json
HTML report: /home/tly/wgs-pika/results/fastp/reports/27564_S6.html

fastp -i 27564_S6_L004_R1_001.fastq.gz -I 27564_S6_L004_R2_001.fastq.gz -o /home/tly/wgs-pika/results/fastp/trimmed_27564_S6_L004_R1_001.fastq.gz -O /home/tly/wgs-pika/results/fastp/trimmed_27564_S6_L004_R2_001.fastq.gz -j /home/tly/wgs-pika/results/fastp/reports/27564_S6.json -h /home/tly/wgs-pika/results/fastp/reports/27564_S6.html -w 16 
fastp v0.12.4, time used: 936 seconds
Read1 before filtering:
total reads: 178974062
total bases: 26949840521
Q20 bases: 25717921706(95.4288%)
Q30 bases: 24484843486(90.8534%)

Read1 after filtering:
total reads: 163047823
total bases: 10780515614
Q20 bases: 10664818528(98.9268%)
Q30 bases: 10411579790(96.5778%)

Read2 before filtering:
total reads: 178974062
total bases: 26949840521
Q20 bases: 25530477017(94.7333%)
Q30 bases: 23987726744(89.0088%)

Read2 aftering filtering:
total reads: 163047823
total bases: 10815764279
Q20 bases: 10674054905(98.6898%)
Q30 bases: 10365628226(95.8381%)

Filtering result:
reads passed filter: 326095646
reads failed due to low quality: 31813746
reads failed due to too many N: 34544
reads failed due to too short: 4188
reads with adapter trimmed: 345588794
bases trimmed due to adapters: 24647330250

JSON report: /home/tly/wgs-pika/results/fastp/reports/27568_S7.json
HTML report: /home/tly/wgs-pika/results/fastp/reports/27568_S7.html

fastp -i 27568_S7_L004_R1_001.fastq.gz -I 27568_S7_L004_R2_001.fastq.gz -o /home/tly/wgs-pika/results/fastp/trimmed_27568_S7_L004_R1_001.fastq.gz -O /home/tly/wgs-pika/results/fastp/trimmed_27568_S7_L004_R2_001.fastq.gz -j /home/tly/wgs-pika/results/fastp/reports/27568_S7.json -h /home/tly/wgs-pika/results/fastp/reports/27568_S7.html -w 16 
fastp v0.12.4, time used: 1184 seconds
Read1 before filtering:
total reads: 148516218
total bases: 22364341864
Q20 bases: 20277928950(90.6708%)
Q30 bases: 18923511630(84.6147%)

Read1 after filtering:
total reads: 125111978
total bases: 9681698808
Q20 bases: 9485128313(97.9697%)
Q30 bases: 9220900276(95.2405%)

Read2 before filtering:
total reads: 148516218
total bases: 22364341864
Q20 bases: 21295268789(95.2197%)
Q30 bases: 20081698831(89.7934%)

Read2 aftering filtering:
total reads: 125111978
total bases: 9717116540
Q20 bases: 9566301649(98.4479%)
Q30 bases: 9270079915(95.3995%)

Filtering result:
reads passed filter: 250223956
reads failed due to low quality: 46762940
reads failed due to too many N: 27508
reads failed due to too short: 18032
reads with adapter trimmed: 278246816
bases trimmed due to adapters: 18847864269

JSON report: /home/tly/wgs-pika/results/fastp/reports/27569_S8.json
HTML report: /home/tly/wgs-pika/results/fastp/reports/27569_S8.html

fastp -i 27569_S8_L004_R1_001.fastq.gz -I 27569_S8_L004_R2_001.fastq.gz -o /home/tly/wgs-pika/results/fastp/trimmed_27569_S8_L004_R1_001.fastq.gz -O /home/tly/wgs-pika/results/fastp/trimmed_27569_S8_L004_R2_001.fastq.gz -j /home/tly/wgs-pika/results/fastp/reports/27569_S8.json -h /home/tly/wgs-pika/results/fastp/reports/27569_S8.html -w 16 
fastp v0.12.4, time used: 1025 seconds
Read1 before filtering:
total reads: 140527492
total bases: 21160674142
Q20 bases: 20167709286(95.3075%)
Q30 bases: 19149303642(90.4948%)

Read1 after filtering:
total reads: 129894958
total bases: 9912891405
Q20 bases: 9768818318(98.5466%)
Q30 bases: 9503277365(95.8679%)

Read2 before filtering:
total reads: 140527492
total bases: 21160674142
Q20 bases: 20152792655(95.237%)
Q30 bases: 18931082204(89.4635%)

Read2 aftering filtering:
total reads: 129894958
total bases: 9936819573
Q20 bases: 9780691880(98.4288%)
Q30 bases: 9452092699(95.1219%)

Filtering result:
reads passed filter: 259789916
reads failed due to low quality: 21222680
reads failed due to too many N: 28168
reads failed due to too short: 14220
reads with adapter trimmed: 268451806
bases trimmed due to adapters: 18001038031

JSON report: /home/tly/wgs-pika/results/fastp/reports/27570_S9.json
HTML report: /home/tly/wgs-pika/results/fastp/reports/27570_S9.html

fastp -i 27570_S9_L004_R1_001.fastq.gz -I 27570_S9_L004_R2_001.fastq.gz -o /home/tly/wgs-pika/results/fastp/trimmed_27570_S9_L004_R1_001.fastq.gz -O /home/tly/wgs-pika/results/fastp/trimmed_27570_S9_L004_R2_001.fastq.gz -j /home/tly/wgs-pika/results/fastp/reports/27570_S9.json -h /home/tly/wgs-pika/results/fastp/reports/27570_S9.html -w 16 
fastp v0.12.4, time used: 939 seconds
Read1 before filtering:
total reads: 140109308
total bases: 21097118286
Q20 bases: 19811877661(93.908%)
Q30 bases: 18623285817(88.2741%)

Read1 after filtering:
total reads: 126749174
total bases: 10043954914
Q20 bases: 9883686145(98.4043%)
Q30 bases: 9605232699(95.632%)

Read2 before filtering:
total reads: 140109308
total bases: 21097118286
Q20 bases: 20044542650(95.0108%)
Q30 bases: 18806714708(89.1435%)

Read2 aftering filtering:
total reads: 126749174
total bases: 10067216173
Q20 bases: 9884187524(98.1819%)
Q30 bases: 9526813346(94.6321%)

Filtering result:
reads passed filter: 253498348
reads failed due to low quality: 26674972
reads failed due to too many N: 27388
reads failed due to too short: 17908
reads with adapter trimmed: 263072164
bases trimmed due to adapters: 17256435494

JSON report: /home/tly/wgs-pika/results/fastp/reports/27571_S10.json
HTML report: /home/tly/wgs-pika/results/fastp/reports/27571_S10.html

fastp -i 27571_S10_L004_R1_001.fastq.gz -I 27571_S10_L004_R2_001.fastq.gz -o /home/tly/wgs-pika/results/fastp/trimmed_27571_S10_L004_R1_001.fastq.gz -O /home/tly/wgs-pika/results/fastp/trimmed_27571_S10_L004_R2_001.fastq.gz -j /home/tly/wgs-pika/results/fastp/reports/27571_S10.json -h /home/tly/wgs-pika/results/fastp/reports/27571_S10.html -w 16 
fastp v0.12.4, time used: 959 seconds
Read1 before filtering:
total reads: 132723390
total bases: 19985842753
Q20 bases: 17877084571(89.4487%)
Q30 bases: 16717871734(83.6486%)

Read1 after filtering:
total reads: 104950941
total bases: 8530202475
Q20 bases: 8275219029(97.0108%)
Q30 bases: 8020024791(94.0192%)

Read2 before filtering:
total reads: 132723390
total bases: 19985842753
Q20 bases: 18900027849(94.5671%)
Q30 bases: 17750072034(88.8132%)

Read2 aftering filtering:
total reads: 104950941
total bases: 8582352574
Q20 bases: 8412040951(98.0156%)
Q30 bases: 8113929943(94.542%)

Filtering result:
reads passed filter: 209901882
reads failed due to low quality: 55453612
reads failed due to too many N: 23470
reads failed due to too short: 67816
reads with adapter trimmed: 237883556
bases trimmed due to adapters: 15949462945

JSON report: /home/tly/wgs-pika/results/fastp/reports/34153_S11.json
HTML report: /home/tly/wgs-pika/results/fastp/reports/34153_S11.html

fastp -i 34153_S11_L004_R1_001.fastq.gz -I 34153_S11_L004_R2_001.fastq.gz -o /home/tly/wgs-pika/results/fastp/trimmed_34153_S11_L004_R1_001.fastq.gz -O /home/tly/wgs-pika/results/fastp/trimmed_34153_S11_L004_R2_001.fastq.gz -j /home/tly/wgs-pika/results/fastp/reports/34153_S11.json -h /home/tly/wgs-pika/results/fastp/reports/34153_S11.html -w 16 
fastp v0.12.4, time used: 950 seconds
Read1 before filtering:
total reads: 126458639
total bases: 19042544879
Q20 bases: 18122952223(95.1709%)
Q30 bases: 17180925008(90.2239%)

Read1 after filtering:
total reads: 115392253
total bases: 8378246332
Q20 bases: 8240309981(98.3536%)
Q30 bases: 7992723838(95.3985%)

Read2 before filtering:
total reads: 126458639
total bases: 19042544879
Q20 bases: 18064819157(94.8656%)
Q30 bases: 16994705360(89.246%)

Read2 aftering filtering:
total reads: 115392253
total bases: 8433737766
Q20 bases: 8294826527(98.3529%)
Q30 bases: 8027731483(95.1859%)

Filtering result:
reads passed filter: 230784506
reads failed due to low quality: 22047688
reads failed due to too many N: 24110
reads failed due to too short: 60974
reads with adapter trimmed: 232070450
bases trimmed due to adapters: 15782482244

JSON report: /home/tly/wgs-pika/results/fastp/reports/34157_S12.json
HTML report: /home/tly/wgs-pika/results/fastp/reports/34157_S12.html

fastp -i 34157_S12_L004_R1_001.fastq.gz -I 34157_S12_L004_R2_001.fastq.gz -o /home/tly/wgs-pika/results/fastp/trimmed_34157_S12_L004_R1_001.fastq.gz -O /home/tly/wgs-pika/results/fastp/trimmed_34157_S12_L004_R2_001.fastq.gz -j /home/tly/wgs-pika/results/fastp/reports/34157_S12.json -h /home/tly/wgs-pika/results/fastp/reports/34157_S12.html -w 16 
fastp v0.12.4, time used: 846 seconds
Read1 before filtering:
total reads: 152465425
total bases: 22957262113
Q20 bases: 21603547394(94.1033%)
Q30 bases: 20367888892(88.7209%)

Read1 after filtering:
total reads: 140375133
total bases: 13101921856
Q20 bases: 12855100994(98.1161%)
Q30 bases: 12451173566(95.0332%)

Read2 before filtering:
total reads: 152465425
total bases: 22957262113
Q20 bases: 22023498926(95.9326%)
Q30 bases: 20793337948(90.5741%)

Read2 aftering filtering:
total reads: 140375133
total bases: 13133419621
Q20 bases: 12873894067(98.0239%)
Q30 bases: 12367813048(94.1705%)

Filtering result:
reads passed filter: 280750266
reads failed due to low quality: 24095802
reads failed due to too many N: 31230
reads failed due to too short: 53552
reads with adapter trimmed: 267890058
bases trimmed due to adapters: 15683918689

JSON report: /home/tly/wgs-pika/results/fastp/reports/35279_S13.json
HTML report: /home/tly/wgs-pika/results/fastp/reports/35279_S13.html

fastp -i 35279_S13_L004_R1_001.fastq.gz -I 35279_S13_L004_R2_001.fastq.gz -o /home/tly/wgs-pika/results/fastp/trimmed_35279_S13_L004_R1_001.fastq.gz -O /home/tly/wgs-pika/results/fastp/trimmed_35279_S13_L004_R2_001.fastq.gz -j /home/tly/wgs-pika/results/fastp/reports/35279_S13.json -h /home/tly/wgs-pika/results/fastp/reports/35279_S13.html -w 16 
fastp v0.12.4, time used: 1051 seconds
Read1 before filtering:
total reads: 152544594
total bases: 22968692841
Q20 bases: 21906686716(95.3763%)
Q30 bases: 20756182215(90.3673%)

Read1 after filtering:
total reads: 143540835
total bases: 13557228789
Q20 bases: 13314397507(98.2088%)
Q30 bases: 12883724665(95.0321%)

Read2 before filtering:
total reads: 152544594
total bases: 22968692841
Q20 bases: 22015547379(95.8502%)
Q30 bases: 20747966309(90.3315%)

Read2 aftering filtering:
total reads: 143540835
total bases: 13584409471
Q20 bases: 13288770456(97.8237%)
Q30 bases: 12725277398(93.6756%)

Filtering result:
reads passed filter: 287081670
reads failed due to low quality: 17913032
reads failed due to too many N: 31740
reads failed due to too short: 62746
reads with adapter trimmed: 264742746
bases trimmed due to adapters: 15290676522

JSON report: /home/tly/wgs-pika/results/fastp/reports/36879_S14.json
HTML report: /home/tly/wgs-pika/results/fastp/reports/36879_S14.html

fastp -i 36879_S14_L004_R1_001.fastq.gz -I 36879_S14_L004_R2_001.fastq.gz -o /home/tly/wgs-pika/results/fastp/trimmed_36879_S14_L004_R1_001.fastq.gz -O /home/tly/wgs-pika/results/fastp/trimmed_36879_S14_L004_R2_001.fastq.gz -j /home/tly/wgs-pika/results/fastp/reports/36879_S14.json -h /home/tly/wgs-pika/results/fastp/reports/36879_S14.html -w 16 
fastp v0.12.4, time used: 1044 seconds
Read1 before filtering:
total reads: 121337054
total bases: 18270334183
Q20 bases: 17392058134(95.1929%)
Q30 bases: 16497897652(90.2988%)

Read1 after filtering:
total reads: 109833832
total bases: 8423259310
Q20 bases: 8276393317(98.2564%)
Q30 bases: 8023608032(95.2554%)

Read2 before filtering:
total reads: 121337054
total bases: 18270334183
Q20 bases: 17275825740(94.5567%)
Q30 bases: 16203628913(88.6882%)

Read2 aftering filtering:
total reads: 109833832
total bases: 8477002333
Q20 bases: 8317446357(98.1178%)
Q30 bases: 8025329553(94.6718%)

Filtering result:
reads passed filter: 219667664
reads failed due to low quality: 22882026
reads failed due to too many N: 23414
reads failed due to too short: 101004
reads with adapter trimmed: 218935420
bases trimmed due to adapters: 14449405189

JSON report: /home/tly/wgs-pika/results/fastp/reports/36886_S15.json
HTML report: /home/tly/wgs-pika/results/fastp/reports/36886_S15.html

fastp -i 36886_S15_L004_R1_001.fastq.gz -I 36886_S15_L004_R2_001.fastq.gz -o /home/tly/wgs-pika/results/fastp/trimmed_36886_S15_L004_R1_001.fastq.gz -O /home/tly/wgs-pika/results/fastp/trimmed_36886_S15_L004_R2_001.fastq.gz -j /home/tly/wgs-pika/results/fastp/reports/36886_S15.json -h /home/tly/wgs-pika/results/fastp/reports/36886_S15.html -w 16 
fastp v0.12.4, time used: 831 seconds
Read1 before filtering:
total reads: 129702608
total bases: 19532229137
Q20 bases: 18170438698(93.028%)
Q30 bases: 17157782266(87.8434%)

Read1 after filtering:
total reads: 116178044
total bases: 11480514278
Q20 bases: 11247182429(97.9676%)
Q30 bases: 10890200865(94.8581%)

Read2 before filtering:
total reads: 129702608
total bases: 19532229137
Q20 bases: 18680998456(95.6419%)
Q30 bases: 17568187037(89.9446%)

Read2 aftering filtering:
total reads: 116178044
total bases: 11505015458
Q20 bases: 11250740075(97.7899%)
Q30 bases: 10765177793(93.5694%)

Filtering result:
reads passed filter: 232356088
reads failed due to low quality: 26962768
reads failed due to too many N: 25202
reads failed due to too short: 61158
reads with adapter trimmed: 219815468
bases trimmed due to adapters: 12525246832

JSON report: /home/tly/wgs-pika/results/fastp/reports/36887_S16.json
HTML report: /home/tly/wgs-pika/results/fastp/reports/36887_S16.html

fastp -i 36887_S16_L004_R1_001.fastq.gz -I 36887_S16_L004_R2_001.fastq.gz -o /home/tly/wgs-pika/results/fastp/trimmed_36887_S16_L004_R1_001.fastq.gz -O /home/tly/wgs-pika/results/fastp/trimmed_36887_S16_L004_R2_001.fastq.gz -j /home/tly/wgs-pika/results/fastp/reports/36887_S16.json -h /home/tly/wgs-pika/results/fastp/reports/36887_S16.html -w 16 
fastp v0.12.4, time used: 906 seconds
Read1 before filtering:
total reads: 162613391
total bases: 24487079387
Q20 bases: 23145398095(94.5209%)
Q30 bases: 21830142706(89.1496%)

Read1 after filtering:
total reads: 147435288
total bases: 11758205632
Q20 bases: 11543280028(98.1721%)
Q30 bases: 11201129007(95.2622%)

Read2 before filtering:
total reads: 162613391
total bases: 24487079387
Q20 bases: 23230287315(94.8675%)
Q30 bases: 21784924557(88.965%)

Read2 aftering filtering:
total reads: 147435288
total bases: 11824372149
Q20 bases: 11605713268(98.1508%)
Q30 bases: 11180539914(94.555%)

Filtering result:
reads passed filter: 294870576
reads failed due to low quality: 30238088
reads failed due to too many N: 30966
reads failed due to too short: 87152
reads with adapter trimmed: 294007422
bases trimmed due to adapters: 19060369048

JSON report: /home/tly/wgs-pika/results/fastp/reports/36889_S17.json
HTML report: /home/tly/wgs-pika/results/fastp/reports/36889_S17.html

fastp -i 36889_S17_L004_R1_001.fastq.gz -I 36889_S17_L004_R2_001.fastq.gz -o /home/tly/wgs-pika/results/fastp/trimmed_36889_S17_L004_R1_001.fastq.gz -O /home/tly/wgs-pika/results/fastp/trimmed_36889_S17_L004_R2_001.fastq.gz -j /home/tly/wgs-pika/results/fastp/reports/36889_S17.json -h /home/tly/wgs-pika/results/fastp/reports/36889_S17.html -w 16 
fastp v0.12.4, time used: 1105 seconds
Read1 before filtering:
total reads: 141610883
total bases: 21322993885
Q20 bases: 20551780793(96.3832%)
Q30 bases: 19609969492(91.9663%)

Read1 after filtering:
total reads: 134112009
total bases: 12361562032
Q20 bases: 12155849194(98.3359%)
Q30 bases: 11768948328(95.206%)

Read2 before filtering:
total reads: 141610883
total bases: 21322993885
Q20 bases: 20459570748(95.9507%)
Q30 bases: 19359323707(90.7908%)

Read2 aftering filtering:
total reads: 134112009
total bases: 12393092287
Q20 bases: 12157304561(98.0974%)
Q30 bases: 11704104241(94.4405%)

Filtering result:
reads passed filter: 268224018
reads failed due to low quality: 14911538
reads failed due to too many N: 29576
reads failed due to too short: 56634
reads with adapter trimmed: 248143118
bases trimmed due to adapters: 14454765867

JSON report: /home/tly/wgs-pika/results/fastp/reports/36890_S18.json
HTML report: /home/tly/wgs-pika/results/fastp/reports/36890_S18.html

fastp -i 36890_S18_L004_R1_001.fastq.gz -I 36890_S18_L004_R2_001.fastq.gz -o /home/tly/wgs-pika/results/fastp/trimmed_36890_S18_L004_R1_001.fastq.gz -O /home/tly/wgs-pika/results/fastp/trimmed_36890_S18_L004_R2_001.fastq.gz -j /home/tly/wgs-pika/results/fastp/reports/36890_S18.json -h /home/tly/wgs-pika/results/fastp/reports/36890_S18.html -w 16 
fastp v0.12.4, time used: 957 seconds
Read1 before filtering:
total reads: 153435197
total bases: 23103405296
Q20 bases: 22169544329(95.9579%)
Q30 bases: 21070377187(91.2003%)

Read1 after filtering:
total reads: 145742778
total bases: 12989046322
Q20 bases: 12805979082(98.5906%)
Q30 bases: 12430037545(95.6963%)

Read2 before filtering:
total reads: 153435197
total bases: 23103405296
Q20 bases: 22167373072(95.9485%)
Q30 bases: 20914158754(90.5241%)

Read2 aftering filtering:
total reads: 145742778
total bases: 13000384115
Q20 bases: 12758259751(98.1376%)
Q30 bases: 12264221476(94.3374%)

Filtering result:
reads passed filter: 291485556
reads failed due to low quality: 15337252
reads failed due to too many N: 32580
reads failed due to too short: 15006
reads with adapter trimmed: 281648542
bases trimmed due to adapters: 16982569662

JSON report: /home/tly/wgs-pika/results/fastp/reports/36901_S19.json
HTML report: /home/tly/wgs-pika/results/fastp/reports/36901_S19.html

fastp -i 36901_S19_L004_R1_001.fastq.gz -I 36901_S19_L004_R2_001.fastq.gz -o /home/tly/wgs-pika/results/fastp/trimmed_36901_S19_L004_R1_001.fastq.gz -O /home/tly/wgs-pika/results/fastp/trimmed_36901_S19_L004_R2_001.fastq.gz -j /home/tly/wgs-pika/results/fastp/reports/36901_S19.json -h /home/tly/wgs-pika/results/fastp/reports/36901_S19.html -w 16 
fastp v0.12.4, time used: 1047 seconds
Read1 before filtering:
total reads: 157078170
total bases: 23653125067
Q20 bases: 22529611524(95.25%)
Q30 bases: 21336653780(90.2065%)

Read1 after filtering:
total reads: 147056839
total bases: 12342167317
Q20 bases: 12172272147(98.6235%)
Q30 bases: 11837784805(95.9133%)

Read2 before filtering:
total reads: 157078170
total bases: 23653125067
Q20 bases: 22641226365(95.7219%)
Q30 bases: 21347691514(90.2532%)

Read2 aftering filtering:
total reads: 147056839
total bases: 12356963649
Q20 bases: 12140267279(98.2464%)
Q30 bases: 11696872615(94.6581%)

Filtering result:
reads passed filter: 294113678
reads failed due to low quality: 19984756
reads failed due to too many N: 32230
reads failed due to too short: 25676
reads with adapter trimmed: 294253666
bases trimmed due to adapters: 18538038785

JSON report: /home/tly/wgs-pika/results/fastp/reports/36902_S20.json
HTML report: /home/tly/wgs-pika/results/fastp/reports/36902_S20.html

fastp -i 36902_S20_L004_R1_001.fastq.gz -I 36902_S20_L004_R2_001.fastq.gz -o /home/tly/wgs-pika/results/fastp/trimmed_36902_S20_L004_R1_001.fastq.gz -O /home/tly/wgs-pika/results/fastp/trimmed_36902_S20_L004_R2_001.fastq.gz -j /home/tly/wgs-pika/results/fastp/reports/36902_S20.json -h /home/tly/wgs-pika/results/fastp/reports/36902_S20.html -w 16 
fastp v0.12.4, time used: 1065 seconds
